[4.648s] Invoking command in '/opt/ros/ros2_ws/build/camera_detect_pkg': PYTHONPATH=/opt/ros/ros2_ws/build/camera_detect_pkg/prefix_override:/usr/lib/python3/dist-packages/colcon_core/task/python/colcon_distutils_commands:/opt/ros/ros2_ws/install/camera_detect_pkg/lib/python3.10/site-packages:${PYTHONPATH} /usr/bin/python3 -W ignore:setup.py install is deprecated -W ignore:easy_install command is deprecated setup.py develop --editable --build-directory /opt/ros/ros2_ws/build/camera_detect_pkg/build --no-deps symlink_data
[6.801s] running develop
[8.107s] running egg_info
[8.107s] creating camera_detect_pkg.egg-info
[8.108s] writing camera_detect_pkg.egg-info/PKG-INFO
[8.109s] writing dependency_links to camera_detect_pkg.egg-info/dependency_links.txt
[8.109s] writing entry points to camera_detect_pkg.egg-info/entry_points.txt
[8.110s] writing requirements to camera_detect_pkg.egg-info/requires.txt
[8.111s] writing top-level names to camera_detect_pkg.egg-info/top_level.txt
[8.112s] writing manifest file 'camera_detect_pkg.egg-info/SOURCES.txt'
[8.121s] reading manifest file 'camera_detect_pkg.egg-info/SOURCES.txt'
[8.125s] writing manifest file 'camera_detect_pkg.egg-info/SOURCES.txt'
[8.134s] running build_ext
[8.135s] Creating /opt/ros/ros2_ws/install/camera_detect_pkg/lib/python3.10/site-packages/camera-detect-pkg.egg-link (link to .)
[8.140s] Installing webcam_pub script to /opt/ros/ros2_ws/install/camera_detect_pkg/lib/camera_detect_pkg
[8.141s] Installing webcam_sub script to /opt/ros/ros2_ws/install/camera_detect_pkg/lib/camera_detect_pkg
[8.142s] 
[8.143s] Installed /opt/ros/ros2_ws/build/camera_detect_pkg
[8.144s] running symlink_data
[8.144s] creating /opt/ros/ros2_ws/install/camera_detect_pkg/share/ament_index
[8.145s] creating /opt/ros/ros2_ws/install/camera_detect_pkg/share/ament_index/resource_index
[8.145s] creating /opt/ros/ros2_ws/install/camera_detect_pkg/share/ament_index/resource_index/packages
[8.146s] symbolically linking /opt/ros/ros2_ws/build/camera_detect_pkg/resource/camera_detect_pkg -> /opt/ros/ros2_ws/install/camera_detect_pkg/share/ament_index/resource_index/packages
[8.146s] symbolically linking /opt/ros/ros2_ws/build/camera_detect_pkg/package.xml -> /opt/ros/ros2_ws/install/camera_detect_pkg/share/camera_detect_pkg
[8.407s] Invoked command in '/opt/ros/ros2_ws/build/camera_detect_pkg' returned '0': PYTHONPATH=/opt/ros/ros2_ws/build/camera_detect_pkg/prefix_override:/usr/lib/python3/dist-packages/colcon_core/task/python/colcon_distutils_commands:/opt/ros/ros2_ws/install/camera_detect_pkg/lib/python3.10/site-packages:${PYTHONPATH} /usr/bin/python3 -W ignore:setup.py install is deprecated -W ignore:easy_install command is deprecated setup.py develop --editable --build-directory /opt/ros/ros2_ws/build/camera_detect_pkg/build --no-deps symlink_data
