[0.614s] DEBUG:colcon:Command line arguments: ['/usr/bin/colcon', 'build', '--packages-select', 'wheeltec_radar']
[0.615s] DEBUG:colcon:Parsed command line arguments: Namespace(log_base=None, log_level=None, verb_name='build', build_base='build', install_base='install', merge_install=False, symlink_install=False, test_result_base=None, continue_on_error=False, executor='parallel', parallel_workers=8, event_handlers=None, ignore_user_meta=False, metas=['./colcon.meta'], base_paths=['.'], packages_ignore=None, packages_ignore_regex=None, paths=None, packages_up_to=None, packages_up_to_regex=None, packages_above=None, packages_above_and_dependencies=None, packages_above_depth=None, packages_select_by_dep=None, packages_skip_by_dep=None, packages_skip_up_to=None, packages_select_build_failed=False, packages_skip_build_finished=False, packages_select_test_failures=False, packages_skip_test_passed=False, packages_select=['wheeltec_radar'], packages_skip=None, packages_select_regex=None, packages_skip_regex=None, packages_start=None, packages_end=None, allow_overriding=[], cmake_args=None, cmake_target=None, cmake_target_skip_unavailable=False, cmake_clean_cache=False, cmake_clean_first=False, cmake_force_configure=False, ament_cmake_args=None, catkin_cmake_args=None, catkin_skip_building_tests=False, verb_parser=<colcon_defaults.argument_parser.defaults.DefaultArgumentsDecorator object at 0xffff95667a00>, verb_extension=<colcon_core.verb.build.BuildVerb object at 0xffff956669e0>, main=<bound method BuildVerb.main of <colcon_core.verb.build.BuildVerb object at 0xffff956669e0>>)
[1.876s] Level 1:colcon.colcon_core.package_discovery:discover_packages(colcon_meta) check parameters
[1.876s] Level 1:colcon.colcon_core.package_discovery:discover_packages(recursive) check parameters
[1.877s] Level 1:colcon.colcon_core.package_discovery:discover_packages(ignore) check parameters
[1.877s] Level 1:colcon.colcon_core.package_discovery:discover_packages(path) check parameters
[1.877s] Level 1:colcon.colcon_core.package_discovery:discover_packages(colcon_meta) discover
[1.878s] Level 1:colcon.colcon_core.package_discovery:discover_packages(recursive) discover
[1.878s] INFO:colcon.colcon_core.package_discovery:Crawling recursively for packages in '/opt/ros/ros2_ws'
[1.878s] Level 1:colcon.colcon_core.package_identification:_identify(.) by extensions ['ignore', 'ignore_ament_install']
[1.879s] Level 1:colcon.colcon_core.package_identification:_identify(.) by extension 'ignore'
[1.879s] Level 1:colcon.colcon_core.package_identification:_identify(.) by extension 'ignore_ament_install'
[1.880s] Level 1:colcon.colcon_core.package_identification:_identify(.) by extensions ['colcon_pkg']
[1.880s] Level 1:colcon.colcon_core.package_identification:_identify(.) by extension 'colcon_pkg'
[1.880s] Level 1:colcon.colcon_core.package_identification:_identify(.) by extensions ['colcon_meta']
[1.880s] Level 1:colcon.colcon_core.package_identification:_identify(.) by extension 'colcon_meta'
[1.881s] Level 1:colcon.colcon_core.package_identification:_identify(.) by extensions ['ros']
[1.881s] Level 1:colcon.colcon_core.package_identification:_identify(.) by extension 'ros'
[2.021s] Level 1:colcon.colcon_core.package_identification:_identify(.) by extensions ['cmake', 'python']
[2.022s] Level 1:colcon.colcon_core.package_identification:_identify(.) by extension 'cmake'
[2.022s] Level 1:colcon.colcon_core.package_identification:_identify(.) by extension 'python'
[2.023s] Level 1:colcon.colcon_core.package_identification:_identify(.) by extensions ['python_setup_py']
[2.023s] Level 1:colcon.colcon_core.package_identification:_identify(.) by extension 'python_setup_py'
[2.024s] Level 1:colcon.colcon_core.package_identification:_identify(build) by extensions ['ignore', 'ignore_ament_install']
[2.024s] Level 1:colcon.colcon_core.package_identification:_identify(build) by extension 'ignore'
[2.024s] Level 1:colcon.colcon_core.package_identification:_identify(build) ignored
[2.025s] Level 1:colcon.colcon_core.package_identification:_identify(install) by extensions ['ignore', 'ignore_ament_install']
[2.026s] Level 1:colcon.colcon_core.package_identification:_identify(install) by extension 'ignore'
[2.026s] Level 1:colcon.colcon_core.package_identification:_identify(install) ignored
[2.027s] Level 1:colcon.colcon_core.package_identification:_identify(log) by extensions ['ignore', 'ignore_ament_install']
[2.027s] Level 1:colcon.colcon_core.package_identification:_identify(log) by extension 'ignore'
[2.027s] Level 1:colcon.colcon_core.package_identification:_identify(log) ignored
[2.028s] Level 1:colcon.colcon_core.package_identification:_identify(src) by extensions ['ignore', 'ignore_ament_install']
[2.028s] Level 1:colcon.colcon_core.package_identification:_identify(src) by extension 'ignore'
[2.028s] Level 1:colcon.colcon_core.package_identification:_identify(src) by extension 'ignore_ament_install'
[2.029s] Level 1:colcon.colcon_core.package_identification:_identify(src) by extensions ['colcon_pkg']
[2.029s] Level 1:colcon.colcon_core.package_identification:_identify(src) by extension 'colcon_pkg'
[2.029s] Level 1:colcon.colcon_core.package_identification:_identify(src) by extensions ['colcon_meta']
[2.030s] Level 1:colcon.colcon_core.package_identification:_identify(src) by extension 'colcon_meta'
[2.030s] Level 1:colcon.colcon_core.package_identification:_identify(src) by extensions ['ros']
[2.030s] Level 1:colcon.colcon_core.package_identification:_identify(src) by extension 'ros'
[2.031s] Level 1:colcon.colcon_core.package_identification:_identify(src) by extensions ['cmake', 'python']
[2.031s] Level 1:colcon.colcon_core.package_identification:_identify(src) by extension 'cmake'
[2.031s] Level 1:colcon.colcon_core.package_identification:_identify(src) by extension 'python'
[2.031s] Level 1:colcon.colcon_core.package_identification:_identify(src) by extensions ['python_setup_py']
[2.031s] Level 1:colcon.colcon_core.package_identification:_identify(src) by extension 'python_setup_py'
[2.032s] Level 1:colcon.colcon_core.package_identification:_identify(src/camera_detect_pkg) by extensions ['ignore', 'ignore_ament_install']
[2.032s] Level 1:colcon.colcon_core.package_identification:_identify(src/camera_detect_pkg) by extension 'ignore'
[2.033s] Level 1:colcon.colcon_core.package_identification:_identify(src/camera_detect_pkg) by extension 'ignore_ament_install'
[2.033s] Level 1:colcon.colcon_core.package_identification:_identify(src/camera_detect_pkg) by extensions ['colcon_pkg']
[2.033s] Level 1:colcon.colcon_core.package_identification:_identify(src/camera_detect_pkg) by extension 'colcon_pkg'
[2.034s] Level 1:colcon.colcon_core.package_identification:_identify(src/camera_detect_pkg) by extensions ['colcon_meta']
[2.034s] Level 1:colcon.colcon_core.package_identification:_identify(src/camera_detect_pkg) by extension 'colcon_meta'
[2.034s] Level 1:colcon.colcon_core.package_identification:_identify(src/camera_detect_pkg) by extensions ['ros']
[2.034s] Level 1:colcon.colcon_core.package_identification:_identify(src/camera_detect_pkg) by extension 'ros'
[2.051s] DEBUG:colcon.colcon_core.package_identification:Package 'src/camera_detect_pkg' with type 'ros.ament_python' and name 'camera_detect_pkg'
[2.051s] Level 1:colcon.colcon_core.package_identification:_identify(src/serial_ros2) by extensions ['ignore', 'ignore_ament_install']
[2.052s] Level 1:colcon.colcon_core.package_identification:_identify(src/serial_ros2) by extension 'ignore'
[2.052s] Level 1:colcon.colcon_core.package_identification:_identify(src/serial_ros2) by extension 'ignore_ament_install'
[2.053s] Level 1:colcon.colcon_core.package_identification:_identify(src/serial_ros2) by extensions ['colcon_pkg']
[2.053s] Level 1:colcon.colcon_core.package_identification:_identify(src/serial_ros2) by extension 'colcon_pkg'
[2.053s] Level 1:colcon.colcon_core.package_identification:_identify(src/serial_ros2) by extensions ['colcon_meta']
[2.054s] Level 1:colcon.colcon_core.package_identification:_identify(src/serial_ros2) by extension 'colcon_meta'
[2.054s] Level 1:colcon.colcon_core.package_identification:_identify(src/serial_ros2) by extensions ['ros']
[2.054s] Level 1:colcon.colcon_core.package_identification:_identify(src/serial_ros2) by extension 'ros'
[2.058s] DEBUG:colcon.colcon_core.package_identification:Package 'src/serial_ros2' with type 'ros.ament_cmake' and name 'serial'
[2.059s] Level 1:colcon.colcon_core.package_identification:_identify(src/wheeltec_radar) by extensions ['ignore', 'ignore_ament_install']
[2.059s] Level 1:colcon.colcon_core.package_identification:_identify(src/wheeltec_radar) by extension 'ignore'
[2.060s] Level 1:colcon.colcon_core.package_identification:_identify(src/wheeltec_radar) by extension 'ignore_ament_install'
[2.060s] Level 1:colcon.colcon_core.package_identification:_identify(src/wheeltec_radar) by extensions ['colcon_pkg']
[2.060s] Level 1:colcon.colcon_core.package_identification:_identify(src/wheeltec_radar) by extension 'colcon_pkg'
[2.060s] Level 1:colcon.colcon_core.package_identification:_identify(src/wheeltec_radar) by extensions ['colcon_meta']
[2.061s] Level 1:colcon.colcon_core.package_identification:_identify(src/wheeltec_radar) by extension 'colcon_meta'
[2.061s] Level 1:colcon.colcon_core.package_identification:_identify(src/wheeltec_radar) by extensions ['ros']
[2.061s] Level 1:colcon.colcon_core.package_identification:_identify(src/wheeltec_radar) by extension 'ros'
[2.071s] DEBUG:colcon.colcon_core.package_identification:Package 'src/wheeltec_radar' with type 'ros.ament_cmake' and name 'wheeltec_radar'
[2.071s] Level 1:colcon.colcon_core.package_discovery:discover_packages(recursive) using defaults
[2.072s] Level 1:colcon.colcon_core.package_discovery:discover_packages(ignore) discover
[2.072s] Level 1:colcon.colcon_core.package_discovery:discover_packages(ignore) using defaults
[2.072s] Level 1:colcon.colcon_core.package_discovery:discover_packages(path) discover
[2.072s] Level 1:colcon.colcon_core.package_discovery:discover_packages(path) using defaults
[2.180s] INFO:colcon.colcon_core.package_selection:Skipping not selected package 'camera_detect_pkg' in 'src/camera_detect_pkg'
[2.181s] INFO:colcon.colcon_core.package_selection:Skipping not selected package 'serial' in 'src/serial_ros2'
[2.183s] Level 1:colcon.colcon_core.package_discovery:discover_packages(prefix_path) check parameters
[2.183s] Level 1:colcon.colcon_core.package_discovery:discover_packages(prefix_path) discover
[2.196s] DEBUG:colcon.colcon_installed_package_information.package_discovery:Found 273 installed packages in /opt/ros/humble
[2.215s] Level 1:colcon.colcon_core.package_discovery:discover_packages(prefix_path) using defaults
[2.486s] Level 5:colcon.colcon_core.verb:set package 'wheeltec_radar' build argument 'cmake_args' from command line to 'None'
[2.486s] Level 5:colcon.colcon_core.verb:set package 'wheeltec_radar' build argument 'cmake_target' from command line to 'None'
[2.486s] Level 5:colcon.colcon_core.verb:set package 'wheeltec_radar' build argument 'cmake_target_skip_unavailable' from command line to 'False'
[2.486s] Level 5:colcon.colcon_core.verb:set package 'wheeltec_radar' build argument 'cmake_clean_cache' from command line to 'False'
[2.487s] Level 5:colcon.colcon_core.verb:set package 'wheeltec_radar' build argument 'cmake_clean_first' from command line to 'False'
[2.487s] Level 5:colcon.colcon_core.verb:set package 'wheeltec_radar' build argument 'cmake_force_configure' from command line to 'False'
[2.487s] Level 5:colcon.colcon_core.verb:set package 'wheeltec_radar' build argument 'ament_cmake_args' from command line to 'None'
[2.487s] Level 5:colcon.colcon_core.verb:set package 'wheeltec_radar' build argument 'catkin_cmake_args' from command line to 'None'
[2.487s] Level 5:colcon.colcon_core.verb:set package 'wheeltec_radar' build argument 'catkin_skip_building_tests' from command line to 'False'
[2.488s] DEBUG:colcon.colcon_core.verb:Building package 'wheeltec_radar' with the following arguments: {'ament_cmake_args': None, 'build_base': '/opt/ros/ros2_ws/build/wheeltec_radar', 'catkin_cmake_args': None, 'catkin_skip_building_tests': False, 'cmake_args': None, 'cmake_clean_cache': False, 'cmake_clean_first': False, 'cmake_force_configure': False, 'cmake_target': None, 'cmake_target_skip_unavailable': False, 'install_base': '/opt/ros/ros2_ws/install/wheeltec_radar', 'merge_install': False, 'path': '/opt/ros/ros2_ws/src/wheeltec_radar', 'symlink_install': False, 'test_result_base': None}
[2.489s] INFO:colcon.colcon_core.executor:Executing jobs using 'parallel' executor
[2.493s] DEBUG:colcon.colcon_parallel_executor.executor.parallel:run_until_complete
[2.495s] INFO:colcon.colcon_ros.task.ament_cmake.build:Building ROS package in '/opt/ros/ros2_ws/src/wheeltec_radar' with build type 'ament_cmake'
[2.495s] INFO:colcon.colcon_cmake.task.cmake.build:Building CMake package in '/opt/ros/ros2_ws/src/wheeltec_radar'
[2.506s] INFO:colcon.colcon_core.plugin_system:Skipping extension 'colcon_core.shell.bat': Not used on non-Windows systems
[2.507s] INFO:colcon.colcon_core.shell:Skip shell extension 'powershell' for command environment: Not usable outside of PowerShell
[2.507s] DEBUG:colcon.colcon_core.shell:Skip shell extension 'dsv' for command environment
[2.549s] DEBUG:colcon.colcon_core.event_handler.log_command:Invoking command in '/opt/ros/ros2_ws/build/wheeltec_radar': AMENT_PREFIX_PATH=/opt/ros/ros2_ws/install/serial:${AMENT_PREFIX_PATH} CMAKE_PREFIX_PATH=/opt/ros/ros2_ws/install/serial:/opt/ros/humble LD_LIBRARY_PATH=/opt/ros/ros2_ws/install/serial/lib:${LD_LIBRARY_PATH} /usr/bin/cmake /opt/ros/ros2_ws/src/wheeltec_radar -DCMAKE_INSTALL_PREFIX=/opt/ros/ros2_ws/install/wheeltec_radar
[17.609s] DEBUG:colcon.colcon_core.event_handler.log_command:Invoked command in '/opt/ros/ros2_ws/build/wheeltec_radar' returned '0': AMENT_PREFIX_PATH=/opt/ros/ros2_ws/install/serial:${AMENT_PREFIX_PATH} CMAKE_PREFIX_PATH=/opt/ros/ros2_ws/install/serial:/opt/ros/humble LD_LIBRARY_PATH=/opt/ros/ros2_ws/install/serial/lib:${LD_LIBRARY_PATH} /usr/bin/cmake /opt/ros/ros2_ws/src/wheeltec_radar -DCMAKE_INSTALL_PREFIX=/opt/ros/ros2_ws/install/wheeltec_radar
[17.635s] DEBUG:colcon.colcon_core.event_handler.log_command:Invoking command in '/opt/ros/ros2_ws/build/wheeltec_radar': AMENT_PREFIX_PATH=/opt/ros/ros2_ws/install/serial:${AMENT_PREFIX_PATH} CMAKE_PREFIX_PATH=/opt/ros/ros2_ws/install/serial:/opt/ros/humble LD_LIBRARY_PATH=/opt/ros/ros2_ws/install/serial/lib:${LD_LIBRARY_PATH} /usr/bin/cmake --build /opt/ros/ros2_ws/build/wheeltec_radar -- -j8 -l8
[77.751s] DEBUG:colcon.colcon_core.event_handler.log_command:Invoked command in '/opt/ros/ros2_ws/build/wheeltec_radar' returned '0': AMENT_PREFIX_PATH=/opt/ros/ros2_ws/install/serial:${AMENT_PREFIX_PATH} CMAKE_PREFIX_PATH=/opt/ros/ros2_ws/install/serial:/opt/ros/humble LD_LIBRARY_PATH=/opt/ros/ros2_ws/install/serial/lib:${LD_LIBRARY_PATH} /usr/bin/cmake --build /opt/ros/ros2_ws/build/wheeltec_radar -- -j8 -l8
[77.805s] DEBUG:colcon.colcon_core.event_handler.log_command:Invoking command in '/opt/ros/ros2_ws/build/wheeltec_radar': AMENT_PREFIX_PATH=/opt/ros/ros2_ws/install/serial:${AMENT_PREFIX_PATH} CMAKE_PREFIX_PATH=/opt/ros/ros2_ws/install/serial:/opt/ros/humble LD_LIBRARY_PATH=/opt/ros/ros2_ws/install/serial/lib:${LD_LIBRARY_PATH} /usr/bin/cmake --install /opt/ros/ros2_ws/build/wheeltec_radar
[77.884s] Level 1:colcon.colcon_core.environment:create_environment_scripts_only(wheeltec_radar)
[77.887s] DEBUG:colcon.colcon_core.event_handler.log_command:Invoked command in '/opt/ros/ros2_ws/build/wheeltec_radar' returned '0': AMENT_PREFIX_PATH=/opt/ros/ros2_ws/install/serial:${AMENT_PREFIX_PATH} CMAKE_PREFIX_PATH=/opt/ros/ros2_ws/install/serial:/opt/ros/humble LD_LIBRARY_PATH=/opt/ros/ros2_ws/install/serial/lib:${LD_LIBRARY_PATH} /usr/bin/cmake --install /opt/ros/ros2_ws/build/wheeltec_radar
[77.900s] Level 1:colcon.colcon_core.environment:checking '/opt/ros/ros2_ws/install/wheeltec_radar' for CMake module files
[77.908s] Level 1:colcon.colcon_core.environment:checking '/opt/ros/ros2_ws/install/wheeltec_radar' for CMake config files
[77.911s] Level 1:colcon.colcon_core.shell:create_environment_hook('wheeltec_radar', 'cmake_prefix_path')
[77.913s] INFO:colcon.colcon_core.shell:Creating environment hook '/opt/ros/ros2_ws/install/wheeltec_radar/share/wheeltec_radar/hook/cmake_prefix_path.ps1'
[77.917s] INFO:colcon.colcon_core.shell:Creating environment descriptor '/opt/ros/ros2_ws/install/wheeltec_radar/share/wheeltec_radar/hook/cmake_prefix_path.dsv'
[77.920s] INFO:colcon.colcon_core.shell:Creating environment hook '/opt/ros/ros2_ws/install/wheeltec_radar/share/wheeltec_radar/hook/cmake_prefix_path.sh'
[77.926s] Level 1:colcon.colcon_core.environment:checking '/opt/ros/ros2_ws/install/wheeltec_radar/lib'
[77.927s] Level 1:colcon.colcon_core.environment:checking '/opt/ros/ros2_ws/install/wheeltec_radar/bin'
[77.927s] Level 1:colcon.colcon_core.environment:checking '/opt/ros/ros2_ws/install/wheeltec_radar/lib/pkgconfig/wheeltec_radar.pc'
[77.928s] Level 1:colcon.colcon_core.environment:checking '/opt/ros/ros2_ws/install/wheeltec_radar/lib/python3.10/site-packages'
[77.931s] Level 1:colcon.colcon_core.environment:checking '/opt/ros/ros2_ws/install/wheeltec_radar/bin'
[77.932s] INFO:colcon.colcon_core.shell:Creating package script '/opt/ros/ros2_ws/install/wheeltec_radar/share/wheeltec_radar/package.ps1'
[77.938s] INFO:colcon.colcon_core.shell:Creating package descriptor '/opt/ros/ros2_ws/install/wheeltec_radar/share/wheeltec_radar/package.dsv'
[77.942s] INFO:colcon.colcon_core.shell:Creating package script '/opt/ros/ros2_ws/install/wheeltec_radar/share/wheeltec_radar/package.sh'
[77.947s] INFO:colcon.colcon_core.shell:Creating package script '/opt/ros/ros2_ws/install/wheeltec_radar/share/wheeltec_radar/package.bash'
[77.952s] INFO:colcon.colcon_core.shell:Creating package script '/opt/ros/ros2_ws/install/wheeltec_radar/share/wheeltec_radar/package.zsh'
[77.957s] Level 1:colcon.colcon_core.environment:create_file_with_runtime_dependencies(/opt/ros/ros2_ws/install/wheeltec_radar/share/colcon-core/packages/wheeltec_radar)
[77.960s] Level 1:colcon.colcon_core.environment:create_environment_scripts_only(wheeltec_radar)
[77.962s] Level 1:colcon.colcon_core.environment:checking '/opt/ros/ros2_ws/install/wheeltec_radar' for CMake module files
[77.966s] Level 1:colcon.colcon_core.environment:checking '/opt/ros/ros2_ws/install/wheeltec_radar' for CMake config files
[77.968s] Level 1:colcon.colcon_core.shell:create_environment_hook('wheeltec_radar', 'cmake_prefix_path')
[77.970s] INFO:colcon.colcon_core.shell:Creating environment hook '/opt/ros/ros2_ws/install/wheeltec_radar/share/wheeltec_radar/hook/cmake_prefix_path.ps1'
[77.973s] INFO:colcon.colcon_core.shell:Creating environment descriptor '/opt/ros/ros2_ws/install/wheeltec_radar/share/wheeltec_radar/hook/cmake_prefix_path.dsv'
[77.975s] INFO:colcon.colcon_core.shell:Creating environment hook '/opt/ros/ros2_ws/install/wheeltec_radar/share/wheeltec_radar/hook/cmake_prefix_path.sh'
[77.978s] Level 1:colcon.colcon_core.environment:checking '/opt/ros/ros2_ws/install/wheeltec_radar/lib'
[77.979s] Level 1:colcon.colcon_core.environment:checking '/opt/ros/ros2_ws/install/wheeltec_radar/bin'
[77.979s] Level 1:colcon.colcon_core.environment:checking '/opt/ros/ros2_ws/install/wheeltec_radar/lib/pkgconfig/wheeltec_radar.pc'
[77.981s] Level 1:colcon.colcon_core.environment:checking '/opt/ros/ros2_ws/install/wheeltec_radar/lib/python3.10/site-packages'
[77.983s] Level 1:colcon.colcon_core.environment:checking '/opt/ros/ros2_ws/install/wheeltec_radar/bin'
[77.985s] INFO:colcon.colcon_core.shell:Creating package script '/opt/ros/ros2_ws/install/wheeltec_radar/share/wheeltec_radar/package.ps1'
[77.988s] INFO:colcon.colcon_core.shell:Creating package descriptor '/opt/ros/ros2_ws/install/wheeltec_radar/share/wheeltec_radar/package.dsv'
[77.991s] INFO:colcon.colcon_core.shell:Creating package script '/opt/ros/ros2_ws/install/wheeltec_radar/share/wheeltec_radar/package.sh'
[77.994s] INFO:colcon.colcon_core.shell:Creating package script '/opt/ros/ros2_ws/install/wheeltec_radar/share/wheeltec_radar/package.bash'
[77.997s] INFO:colcon.colcon_core.shell:Creating package script '/opt/ros/ros2_ws/install/wheeltec_radar/share/wheeltec_radar/package.zsh'
[78.000s] Level 1:colcon.colcon_core.environment:create_file_with_runtime_dependencies(/opt/ros/ros2_ws/install/wheeltec_radar/share/colcon-core/packages/wheeltec_radar)
[78.001s] DEBUG:colcon.colcon_parallel_executor.executor.parallel:closing loop
[78.002s] DEBUG:colcon.colcon_parallel_executor.executor.parallel:loop closed
[78.003s] DEBUG:colcon.colcon_parallel_executor.executor.parallel:run_until_complete finished with '0'
[78.003s] DEBUG:colcon.colcon_core.event_reactor:joining thread
[78.031s] INFO:colcon.colcon_core.plugin_system:Skipping extension 'colcon_notification.desktop_notification.notify_send': Could not find 'notify-send'
[78.031s] INFO:colcon.colcon_core.plugin_system:Skipping extension 'colcon_notification.desktop_notification.terminal_notifier': Not used on non-Darwin systems
[78.032s] INFO:colcon.colcon_core.plugin_system:Skipping extension 'colcon_notification.desktop_notification.win32': Not used on non-Windows systems
[78.032s] INFO:colcon.colcon_notification.desktop_notification:Sending desktop notification using 'notify2'
[103.061s] DEBUG:colcon.colcon_notification.desktop_notification.notify2:Failed to initialize notify2: org.freedesktop.DBus.Error.NoReply: Did not receive a reply. Possible causes include: the remote application did not send a reply, the message bus security policy blocked the reply, the reply timeout expired, or the network connection was broken.
[103.062s] DEBUG:colcon.colcon_core.event_reactor:joined thread
[103.068s] INFO:colcon.colcon_core.shell:Creating prefix script '/opt/ros/ros2_ws/install/local_setup.ps1'
[103.074s] INFO:colcon.colcon_core.shell:Creating prefix util module '/opt/ros/ros2_ws/install/_local_setup_util_ps1.py'
[103.083s] INFO:colcon.colcon_core.shell:Creating prefix chain script '/opt/ros/ros2_ws/install/setup.ps1'
[103.089s] INFO:colcon.colcon_core.shell:Creating prefix script '/opt/ros/ros2_ws/install/local_setup.sh'
[103.093s] INFO:colcon.colcon_core.shell:Creating prefix util module '/opt/ros/ros2_ws/install/_local_setup_util_sh.py'
[103.097s] INFO:colcon.colcon_core.shell:Creating prefix chain script '/opt/ros/ros2_ws/install/setup.sh'
[103.103s] INFO:colcon.colcon_core.shell:Creating prefix script '/opt/ros/ros2_ws/install/local_setup.bash'
[103.106s] INFO:colcon.colcon_core.shell:Creating prefix chain script '/opt/ros/ros2_ws/install/setup.bash'
[103.113s] INFO:colcon.colcon_core.shell:Creating prefix script '/opt/ros/ros2_ws/install/local_setup.zsh'
[103.116s] INFO:colcon.colcon_core.shell:Creating prefix chain script '/opt/ros/ros2_ws/install/setup.zsh'
