[0.041s] Invoking command in '/opt/ros/ros2_ws/src/wheeltec_radar/build/wheeltec_radar': /usr/bin/cmake /opt/ros/ros2_ws/src/wheeltec_radar -DCMAKE_INSTALL_PREFIX=/opt/ros/ros2_ws/src/wheeltec_radar/install/wheeltec_radar
[0.460s] -- The C compiler identification is GNU 11.2.0
[1.028s] -- The CXX compiler identification is GNU 11.2.0
[1.073s] -- Detecting C compiler ABI info
[1.429s] -- Detecting C compiler ABI info - done
[1.476s] -- Check for working C compiler: /usr/bin/cc - skipped
[1.478s] -- Detecting C compile features
[1.481s] -- Detecting C compile features - done
[1.501s] -- Detecting CXX compiler ABI info
[1.899s] -- Detecting CXX compiler ABI info - done
[1.948s] -- Check for working CXX compiler: /usr/bin/c++ - skipped
[1.949s] -- Detecting CXX compile features
[1.951s] -- Detecting CXX compile features - done
[1.995s] [31mCMake Error at CMakeLists.txt:19 (find_package):
[1.995s]   By not providing "Findament_cmake.cmake" in CMAKE_MODULE_PATH this project
[1.996s]   has asked CMake to find a package configuration file provided by
[1.996s]   "ament_cmake", but CMake did not find one.
[1.997s] 
[1.997s]   Could not find a package configuration file provided by "ament_cmake" with
[1.998s]   any of the following names:
[1.998s] 
[1.999s]     ament_cmakeConfig.cmake
[1.999s]     ament_cmake-config.cmake
[1.999s] 
[2.000s]   Add the installation prefix of "ament_cmake" to CMAKE_PREFIX_PATH or set
[2.000s]   "ament_cmake_DIR" to a directory containing one of the above files.  If
[2.001s]   "ament_cmake" provides a separate development package or SDK, be sure it
[2.001s]   has been installed.
[2.002s] 
[2.002s] [0m
[2.002s] -- Configuring incomplete, errors occurred!
[2.003s] See also "/opt/ros/ros2_ws/src/wheeltec_radar/build/wheeltec_radar/CMakeFiles/CMakeOutput.log".
[2.019s] Invoked command in '/opt/ros/ros2_ws/src/wheeltec_radar/build/wheeltec_radar' returned '1': /usr/bin/cmake /opt/ros/ros2_ws/src/wheeltec_radar -DCMAKE_INSTALL_PREFIX=/opt/ros/ros2_ws/src/wheeltec_radar/install/wheeltec_radar
