running egg_info
writing ../../build/camera_detect_pkg/camera_detect_pkg.egg-info/PKG-INFO
writing dependency_links to ../../build/camera_detect_pkg/camera_detect_pkg.egg-info/dependency_links.txt
writing entry points to ../../build/camera_detect_pkg/camera_detect_pkg.egg-info/entry_points.txt
writing requirements to ../../build/camera_detect_pkg/camera_detect_pkg.egg-info/requires.txt
writing top-level names to ../../build/camera_detect_pkg/camera_detect_pkg.egg-info/top_level.txt
reading manifest file '../../build/camera_detect_pkg/camera_detect_pkg.egg-info/SOURCES.txt'
writing manifest file '../../build/camera_detect_pkg/camera_detect_pkg.egg-info/SOURCES.txt'
running build
running build_py
running install
running install_lib
running install_data
running install_egg_info
removing '/opt/ros/ros2_ws/install/camera_detect_pkg/lib/python3.10/site-packages/camera_detect_pkg-0.0.0-py3.10.egg-info' (and everything under it)
Copying ../../build/camera_detect_pkg/camera_detect_pkg.egg-info to /opt/ros/ros2_ws/install/camera_detect_pkg/lib/python3.10/site-packages/camera_detect_pkg-0.0.0-py3.10.egg-info
running install_scripts
Installing webcam_pub script to /opt/ros/ros2_ws/install/camera_detect_pkg/lib/camera_detect_pkg
Installing webcam_sub script to /opt/ros/ros2_ws/install/camera_detect_pkg/lib/camera_detect_pkg
writing list of installed files to '/opt/ros/ros2_ws/build/camera_detect_pkg/install.log'
