[4.291s] Invoking command in '/opt/ros/ros2_ws/src/camera_detect_pkg': PYTHONPATH=/opt/ros/ros2_ws/build/camera_detect_pkg/prefix_override:/usr/lib/python3/dist-packages/colcon_core/task/python/colcon_distutils_commands:/opt/ros/ros2_ws/install/camera_detect_pkg/lib/python3.10/site-packages:${PYTHONPATH} /usr/bin/python3 -W ignore:setup.py install is deprecated -W ignore:easy_install command is deprecated setup.py egg_info --egg-base ../../build/camera_detect_pkg build --build-base /opt/ros/ros2_ws/build/camera_detect_pkg/build install --record /opt/ros/ros2_ws/build/camera_detect_pkg/install.log --single-version-externally-managed install_data
[5.852s] running egg_info
[5.855s] writing ../../build/camera_detect_pkg/camera_detect_pkg.egg-info/PKG-INFO
[5.856s] writing dependency_links to ../../build/camera_detect_pkg/camera_detect_pkg.egg-info/dependency_links.txt
[5.856s] writing entry points to ../../build/camera_detect_pkg/camera_detect_pkg.egg-info/entry_points.txt
[5.857s] writing requirements to ../../build/camera_detect_pkg/camera_detect_pkg.egg-info/requires.txt
[5.858s] writing top-level names to ../../build/camera_detect_pkg/camera_detect_pkg.egg-info/top_level.txt
[5.869s] reading manifest file '../../build/camera_detect_pkg/camera_detect_pkg.egg-info/SOURCES.txt'
[5.873s] writing manifest file '../../build/camera_detect_pkg/camera_detect_pkg.egg-info/SOURCES.txt'
[5.874s] running build
[5.875s] running build_py
[5.876s] running install
[5.878s] running install_lib
[5.884s] running install_data
[5.885s] running install_egg_info
[5.894s] removing '/opt/ros/ros2_ws/install/camera_detect_pkg/lib/python3.10/site-packages/camera_detect_pkg-0.0.0-py3.10.egg-info' (and everything under it)
[5.896s] Copying ../../build/camera_detect_pkg/camera_detect_pkg.egg-info to /opt/ros/ros2_ws/install/camera_detect_pkg/lib/python3.10/site-packages/camera_detect_pkg-0.0.0-py3.10.egg-info
[5.900s] running install_scripts
[6.005s] Installing webcam_pub script to /opt/ros/ros2_ws/install/camera_detect_pkg/lib/camera_detect_pkg
[6.006s] Installing webcam_sub script to /opt/ros/ros2_ws/install/camera_detect_pkg/lib/camera_detect_pkg
[6.008s] writing list of installed files to '/opt/ros/ros2_ws/build/camera_detect_pkg/install.log'
[6.218s] Invoked command in '/opt/ros/ros2_ws/src/camera_detect_pkg' returned '0': PYTHONPATH=/opt/ros/ros2_ws/build/camera_detect_pkg/prefix_override:/usr/lib/python3/dist-packages/colcon_core/task/python/colcon_distutils_commands:/opt/ros/ros2_ws/install/camera_detect_pkg/lib/python3.10/site-packages:${PYTHONPATH} /usr/bin/python3 -W ignore:setup.py install is deprecated -W ignore:easy_install command is deprecated setup.py egg_info --egg-base ../../build/camera_detect_pkg build --build-base /opt/ros/ros2_ws/build/camera_detect_pkg/build install --record /opt/ros/ros2_ws/build/camera_detect_pkg/install.log --single-version-externally-managed install_data
