[0.603s] DEBUG:colcon:Command line arguments: ['/usr/bin/colcon', 'build']
[0.603s] DEBUG:colcon:Parsed command line arguments: Namespace(log_base=None, log_level=None, verb_name='build', build_base='build', install_base='install', merge_install=False, symlink_install=False, test_result_base=None, continue_on_error=False, executor='parallel', parallel_workers=8, event_handlers=None, ignore_user_meta=False, metas=['./colcon.meta'], base_paths=['.'], packages_ignore=None, packages_ignore_regex=None, paths=None, packages_up_to=None, packages_up_to_regex=None, packages_above=None, packages_above_and_dependencies=None, packages_above_depth=None, packages_select_by_dep=None, packages_skip_by_dep=None, packages_skip_up_to=None, packages_select_build_failed=False, packages_skip_build_finished=False, packages_select_test_failures=False, packages_skip_test_passed=False, packages_select=None, packages_skip=None, packages_select_regex=None, packages_skip_regex=None, packages_start=None, packages_end=None, allow_overriding=[], cmake_args=None, cmake_target=None, cmake_target_skip_unavailable=False, cmake_clean_cache=False, cmake_clean_first=False, cmake_force_configure=False, ament_cmake_args=None, catkin_cmake_args=None, catkin_skip_building_tests=False, verb_parser=<colcon_defaults.argument_parser.defaults.DefaultArgumentsDecorator object at 0xffff859b7a00>, verb_extension=<colcon_core.verb.build.BuildVerb object at 0xffff859b69e0>, main=<bound method BuildVerb.main of <colcon_core.verb.build.BuildVerb object at 0xffff859b69e0>>)
[1.804s] Level 1:colcon.colcon_core.package_discovery:discover_packages(colcon_meta) check parameters
[1.805s] Level 1:colcon.colcon_core.package_discovery:discover_packages(recursive) check parameters
[1.805s] Level 1:colcon.colcon_core.package_discovery:discover_packages(ignore) check parameters
[1.805s] Level 1:colcon.colcon_core.package_discovery:discover_packages(path) check parameters
[1.805s] Level 1:colcon.colcon_core.package_discovery:discover_packages(colcon_meta) discover
[1.806s] Level 1:colcon.colcon_core.package_discovery:discover_packages(recursive) discover
[1.806s] INFO:colcon.colcon_core.package_discovery:Crawling recursively for packages in '/opt/ros/ros2_ws'
[1.806s] Level 1:colcon.colcon_core.package_identification:_identify(.) by extensions ['ignore', 'ignore_ament_install']
[1.807s] Level 1:colcon.colcon_core.package_identification:_identify(.) by extension 'ignore'
[1.807s] Level 1:colcon.colcon_core.package_identification:_identify(.) by extension 'ignore_ament_install'
[1.808s] Level 1:colcon.colcon_core.package_identification:_identify(.) by extensions ['colcon_pkg']
[1.808s] Level 1:colcon.colcon_core.package_identification:_identify(.) by extension 'colcon_pkg'
[1.808s] Level 1:colcon.colcon_core.package_identification:_identify(.) by extensions ['colcon_meta']
[1.808s] Level 1:colcon.colcon_core.package_identification:_identify(.) by extension 'colcon_meta'
[1.809s] Level 1:colcon.colcon_core.package_identification:_identify(.) by extensions ['ros']
[1.809s] Level 1:colcon.colcon_core.package_identification:_identify(.) by extension 'ros'
[1.946s] Level 1:colcon.colcon_core.package_identification:_identify(.) by extensions ['cmake', 'python']
[1.947s] Level 1:colcon.colcon_core.package_identification:_identify(.) by extension 'cmake'
[1.947s] Level 1:colcon.colcon_core.package_identification:_identify(.) by extension 'python'
[1.948s] Level 1:colcon.colcon_core.package_identification:_identify(.) by extensions ['python_setup_py']
[1.948s] Level 1:colcon.colcon_core.package_identification:_identify(.) by extension 'python_setup_py'
[1.948s] Level 1:colcon.colcon_core.package_identification:_identify(build) by extensions ['ignore', 'ignore_ament_install']
[1.949s] Level 1:colcon.colcon_core.package_identification:_identify(build) by extension 'ignore'
[1.949s] Level 1:colcon.colcon_core.package_identification:_identify(build) ignored
[1.950s] Level 1:colcon.colcon_core.package_identification:_identify(install) by extensions ['ignore', 'ignore_ament_install']
[1.950s] Level 1:colcon.colcon_core.package_identification:_identify(install) by extension 'ignore'
[1.951s] Level 1:colcon.colcon_core.package_identification:_identify(install) ignored
[1.951s] Level 1:colcon.colcon_core.package_identification:_identify(log) by extensions ['ignore', 'ignore_ament_install']
[1.952s] Level 1:colcon.colcon_core.package_identification:_identify(log) by extension 'ignore'
[1.952s] Level 1:colcon.colcon_core.package_identification:_identify(log) ignored
[1.952s] Level 1:colcon.colcon_core.package_identification:_identify(src) by extensions ['ignore', 'ignore_ament_install']
[1.953s] Level 1:colcon.colcon_core.package_identification:_identify(src) by extension 'ignore'
[1.953s] Level 1:colcon.colcon_core.package_identification:_identify(src) by extension 'ignore_ament_install'
[1.953s] Level 1:colcon.colcon_core.package_identification:_identify(src) by extensions ['colcon_pkg']
[1.953s] Level 1:colcon.colcon_core.package_identification:_identify(src) by extension 'colcon_pkg'
[1.954s] Level 1:colcon.colcon_core.package_identification:_identify(src) by extensions ['colcon_meta']
[1.954s] Level 1:colcon.colcon_core.package_identification:_identify(src) by extension 'colcon_meta'
[1.954s] Level 1:colcon.colcon_core.package_identification:_identify(src) by extensions ['ros']
[1.954s] Level 1:colcon.colcon_core.package_identification:_identify(src) by extension 'ros'
[1.955s] Level 1:colcon.colcon_core.package_identification:_identify(src) by extensions ['cmake', 'python']
[1.955s] Level 1:colcon.colcon_core.package_identification:_identify(src) by extension 'cmake'
[1.955s] Level 1:colcon.colcon_core.package_identification:_identify(src) by extension 'python'
[1.955s] Level 1:colcon.colcon_core.package_identification:_identify(src) by extensions ['python_setup_py']
[1.956s] Level 1:colcon.colcon_core.package_identification:_identify(src) by extension 'python_setup_py'
[1.956s] Level 1:colcon.colcon_core.package_identification:_identify(src/camera_detect_pkg) by extensions ['ignore', 'ignore_ament_install']
[1.957s] Level 1:colcon.colcon_core.package_identification:_identify(src/camera_detect_pkg) by extension 'ignore'
[1.957s] Level 1:colcon.colcon_core.package_identification:_identify(src/camera_detect_pkg) by extension 'ignore_ament_install'
[1.957s] Level 1:colcon.colcon_core.package_identification:_identify(src/camera_detect_pkg) by extensions ['colcon_pkg']
[1.957s] Level 1:colcon.colcon_core.package_identification:_identify(src/camera_detect_pkg) by extension 'colcon_pkg'
[1.958s] Level 1:colcon.colcon_core.package_identification:_identify(src/camera_detect_pkg) by extensions ['colcon_meta']
[1.958s] Level 1:colcon.colcon_core.package_identification:_identify(src/camera_detect_pkg) by extension 'colcon_meta'
[1.958s] Level 1:colcon.colcon_core.package_identification:_identify(src/camera_detect_pkg) by extensions ['ros']
[1.958s] Level 1:colcon.colcon_core.package_identification:_identify(src/camera_detect_pkg) by extension 'ros'
[1.974s] DEBUG:colcon.colcon_core.package_identification:Package 'src/camera_detect_pkg' with type 'ros.ament_python' and name 'camera_detect_pkg'
[1.974s] Level 1:colcon.colcon_core.package_identification:_identify(src/serial_ros2) by extensions ['ignore', 'ignore_ament_install']
[1.975s] Level 1:colcon.colcon_core.package_identification:_identify(src/serial_ros2) by extension 'ignore'
[1.975s] Level 1:colcon.colcon_core.package_identification:_identify(src/serial_ros2) by extension 'ignore_ament_install'
[1.976s] Level 1:colcon.colcon_core.package_identification:_identify(src/serial_ros2) by extensions ['colcon_pkg']
[1.976s] Level 1:colcon.colcon_core.package_identification:_identify(src/serial_ros2) by extension 'colcon_pkg'
[1.976s] Level 1:colcon.colcon_core.package_identification:_identify(src/serial_ros2) by extensions ['colcon_meta']
[1.976s] Level 1:colcon.colcon_core.package_identification:_identify(src/serial_ros2) by extension 'colcon_meta'
[1.977s] Level 1:colcon.colcon_core.package_identification:_identify(src/serial_ros2) by extensions ['ros']
[1.977s] Level 1:colcon.colcon_core.package_identification:_identify(src/serial_ros2) by extension 'ros'
[1.981s] DEBUG:colcon.colcon_core.package_identification:Package 'src/serial_ros2' with type 'ros.ament_cmake' and name 'serial'
[1.981s] Level 1:colcon.colcon_core.package_identification:_identify(src/wheeltec_radar) by extensions ['ignore', 'ignore_ament_install']
[1.982s] Level 1:colcon.colcon_core.package_identification:_identify(src/wheeltec_radar) by extension 'ignore'
[1.982s] Level 1:colcon.colcon_core.package_identification:_identify(src/wheeltec_radar) by extension 'ignore_ament_install'
[1.982s] Level 1:colcon.colcon_core.package_identification:_identify(src/wheeltec_radar) by extensions ['colcon_pkg']
[1.983s] Level 1:colcon.colcon_core.package_identification:_identify(src/wheeltec_radar) by extension 'colcon_pkg'
[1.983s] Level 1:colcon.colcon_core.package_identification:_identify(src/wheeltec_radar) by extensions ['colcon_meta']
[1.983s] Level 1:colcon.colcon_core.package_identification:_identify(src/wheeltec_radar) by extension 'colcon_meta'
[1.983s] Level 1:colcon.colcon_core.package_identification:_identify(src/wheeltec_radar) by extensions ['ros']
[1.984s] Level 1:colcon.colcon_core.package_identification:_identify(src/wheeltec_radar) by extension 'ros'
[1.993s] DEBUG:colcon.colcon_core.package_identification:Package 'src/wheeltec_radar' with type 'ros.ament_cmake' and name 'wheeltec_radar'
[1.993s] Level 1:colcon.colcon_core.package_discovery:discover_packages(recursive) using defaults
[1.994s] Level 1:colcon.colcon_core.package_discovery:discover_packages(ignore) discover
[1.994s] Level 1:colcon.colcon_core.package_discovery:discover_packages(ignore) using defaults
[1.994s] Level 1:colcon.colcon_core.package_discovery:discover_packages(path) discover
[1.994s] Level 1:colcon.colcon_core.package_discovery:discover_packages(path) using defaults
[2.103s] Level 1:colcon.colcon_core.package_discovery:discover_packages(prefix_path) check parameters
[2.104s] Level 1:colcon.colcon_core.package_discovery:discover_packages(prefix_path) discover
[2.117s] DEBUG:colcon.colcon_installed_package_information.package_discovery:Found 273 installed packages in /opt/ros/humble
[2.136s] Level 1:colcon.colcon_core.package_discovery:discover_packages(prefix_path) using defaults
[2.394s] Level 5:colcon.colcon_core.verb:set package 'camera_detect_pkg' build argument 'cmake_args' from command line to 'None'
[2.394s] Level 5:colcon.colcon_core.verb:set package 'camera_detect_pkg' build argument 'cmake_target' from command line to 'None'
[2.395s] Level 5:colcon.colcon_core.verb:set package 'camera_detect_pkg' build argument 'cmake_target_skip_unavailable' from command line to 'False'
[2.395s] Level 5:colcon.colcon_core.verb:set package 'camera_detect_pkg' build argument 'cmake_clean_cache' from command line to 'False'
[2.395s] Level 5:colcon.colcon_core.verb:set package 'camera_detect_pkg' build argument 'cmake_clean_first' from command line to 'False'
[2.395s] Level 5:colcon.colcon_core.verb:set package 'camera_detect_pkg' build argument 'cmake_force_configure' from command line to 'False'
[2.395s] Level 5:colcon.colcon_core.verb:set package 'camera_detect_pkg' build argument 'ament_cmake_args' from command line to 'None'
[2.396s] Level 5:colcon.colcon_core.verb:set package 'camera_detect_pkg' build argument 'catkin_cmake_args' from command line to 'None'
[2.396s] Level 5:colcon.colcon_core.verb:set package 'camera_detect_pkg' build argument 'catkin_skip_building_tests' from command line to 'False'
[2.396s] DEBUG:colcon.colcon_core.verb:Building package 'camera_detect_pkg' with the following arguments: {'ament_cmake_args': None, 'build_base': '/opt/ros/ros2_ws/build/camera_detect_pkg', 'catkin_cmake_args': None, 'catkin_skip_building_tests': False, 'cmake_args': None, 'cmake_clean_cache': False, 'cmake_clean_first': False, 'cmake_force_configure': False, 'cmake_target': None, 'cmake_target_skip_unavailable': False, 'install_base': '/opt/ros/ros2_ws/install/camera_detect_pkg', 'merge_install': False, 'path': '/opt/ros/ros2_ws/src/camera_detect_pkg', 'symlink_install': False, 'test_result_base': None}
[2.398s] Level 5:colcon.colcon_core.verb:set package 'serial' build argument 'cmake_args' from command line to 'None'
[2.399s] Level 5:colcon.colcon_core.verb:set package 'serial' build argument 'cmake_target' from command line to 'None'
[2.399s] Level 5:colcon.colcon_core.verb:set package 'serial' build argument 'cmake_target_skip_unavailable' from command line to 'False'
[2.399s] Level 5:colcon.colcon_core.verb:set package 'serial' build argument 'cmake_clean_cache' from command line to 'False'
[2.399s] Level 5:colcon.colcon_core.verb:set package 'serial' build argument 'cmake_clean_first' from command line to 'False'
[2.399s] Level 5:colcon.colcon_core.verb:set package 'serial' build argument 'cmake_force_configure' from command line to 'False'
[2.400s] Level 5:colcon.colcon_core.verb:set package 'serial' build argument 'ament_cmake_args' from command line to 'None'
[2.400s] Level 5:colcon.colcon_core.verb:set package 'serial' build argument 'catkin_cmake_args' from command line to 'None'
[2.400s] Level 5:colcon.colcon_core.verb:set package 'serial' build argument 'catkin_skip_building_tests' from command line to 'False'
[2.400s] DEBUG:colcon.colcon_core.verb:Building package 'serial' with the following arguments: {'ament_cmake_args': None, 'build_base': '/opt/ros/ros2_ws/build/serial', 'catkin_cmake_args': None, 'catkin_skip_building_tests': False, 'cmake_args': None, 'cmake_clean_cache': False, 'cmake_clean_first': False, 'cmake_force_configure': False, 'cmake_target': None, 'cmake_target_skip_unavailable': False, 'install_base': '/opt/ros/ros2_ws/install/serial', 'merge_install': False, 'path': '/opt/ros/ros2_ws/src/serial_ros2', 'symlink_install': False, 'test_result_base': None}
[2.402s] Level 5:colcon.colcon_core.verb:set package 'wheeltec_radar' build argument 'cmake_args' from command line to 'None'
[2.403s] Level 5:colcon.colcon_core.verb:set package 'wheeltec_radar' build argument 'cmake_target' from command line to 'None'
[2.403s] Level 5:colcon.colcon_core.verb:set package 'wheeltec_radar' build argument 'cmake_target_skip_unavailable' from command line to 'False'
[2.403s] Level 5:colcon.colcon_core.verb:set package 'wheeltec_radar' build argument 'cmake_clean_cache' from command line to 'False'
[2.403s] Level 5:colcon.colcon_core.verb:set package 'wheeltec_radar' build argument 'cmake_clean_first' from command line to 'False'
[2.403s] Level 5:colcon.colcon_core.verb:set package 'wheeltec_radar' build argument 'cmake_force_configure' from command line to 'False'
[2.403s] Level 5:colcon.colcon_core.verb:set package 'wheeltec_radar' build argument 'ament_cmake_args' from command line to 'None'
[2.404s] Level 5:colcon.colcon_core.verb:set package 'wheeltec_radar' build argument 'catkin_cmake_args' from command line to 'None'
[2.404s] Level 5:colcon.colcon_core.verb:set package 'wheeltec_radar' build argument 'catkin_skip_building_tests' from command line to 'False'
[2.404s] DEBUG:colcon.colcon_core.verb:Building package 'wheeltec_radar' with the following arguments: {'ament_cmake_args': None, 'build_base': '/opt/ros/ros2_ws/build/wheeltec_radar', 'catkin_cmake_args': None, 'catkin_skip_building_tests': False, 'cmake_args': None, 'cmake_clean_cache': False, 'cmake_clean_first': False, 'cmake_force_configure': False, 'cmake_target': None, 'cmake_target_skip_unavailable': False, 'install_base': '/opt/ros/ros2_ws/install/wheeltec_radar', 'merge_install': False, 'path': '/opt/ros/ros2_ws/src/wheeltec_radar', 'symlink_install': False, 'test_result_base': None}
[2.405s] INFO:colcon.colcon_core.executor:Executing jobs using 'parallel' executor
[2.409s] DEBUG:colcon.colcon_parallel_executor.executor.parallel:run_until_complete
[2.411s] INFO:colcon.colcon_ros.task.ament_cmake.build:Building ROS package in '/opt/ros/ros2_ws/src/serial_ros2' with build type 'ament_cmake'
[2.412s] INFO:colcon.colcon_cmake.task.cmake.build:Building CMake package in '/opt/ros/ros2_ws/src/serial_ros2'
[2.423s] INFO:colcon.colcon_core.plugin_system:Skipping extension 'colcon_core.shell.bat': Not used on non-Windows systems
[2.424s] INFO:colcon.colcon_core.shell:Skip shell extension 'powershell' for command environment: Not usable outside of PowerShell
[2.424s] DEBUG:colcon.colcon_core.shell:Skip shell extension 'dsv' for command environment
[2.440s] INFO:colcon.colcon_ros.task.ament_python.build:Building ROS package in '/opt/ros/ros2_ws/src/camera_detect_pkg' with build type 'ament_python'
[2.441s] Level 1:colcon.colcon_core.shell:create_environment_hook('camera_detect_pkg', 'ament_prefix_path')
[2.443s] INFO:colcon.colcon_core.shell:Creating environment hook '/opt/ros/ros2_ws/install/camera_detect_pkg/share/camera_detect_pkg/hook/ament_prefix_path.ps1'
[2.447s] INFO:colcon.colcon_core.shell:Creating environment descriptor '/opt/ros/ros2_ws/install/camera_detect_pkg/share/camera_detect_pkg/hook/ament_prefix_path.dsv'
[2.450s] INFO:colcon.colcon_core.shell:Creating environment hook '/opt/ros/ros2_ws/install/camera_detect_pkg/share/camera_detect_pkg/hook/ament_prefix_path.sh'
[2.455s] INFO:colcon.colcon_core.shell:Skip shell extension 'powershell' for command environment: Not usable outside of PowerShell
[2.455s] DEBUG:colcon.colcon_core.shell:Skip shell extension 'dsv' for command environment
[2.486s] DEBUG:colcon.colcon_core.event_handler.log_command:Invoking command in '/opt/ros/ros2_ws/build/serial': CMAKE_PREFIX_PATH=/opt/ros/humble /usr/bin/cmake --build /opt/ros/ros2_ws/build/serial -- -j8 -l8
[4.292s] INFO:colcon.colcon_core.task.python.build:Building Python package in '/opt/ros/ros2_ws/src/camera_detect_pkg'
[4.294s] INFO:colcon.colcon_core.shell:Skip shell extension 'powershell' for command environment: Not usable outside of PowerShell
[4.294s] DEBUG:colcon.colcon_core.shell:Skip shell extension 'dsv' for command environment
[4.314s] DEBUG:colcon.colcon_core.event_handler.log_command:Invoked command in '/opt/ros/ros2_ws/build/serial' returned '0': CMAKE_PREFIX_PATH=/opt/ros/humble /usr/bin/cmake --build /opt/ros/ros2_ws/build/serial -- -j8 -l8
[4.359s] DEBUG:colcon.colcon_core.event_handler.log_command:Invoking command in '/opt/ros/ros2_ws/build/serial': CMAKE_PREFIX_PATH=/opt/ros/humble /usr/bin/cmake --install /opt/ros/ros2_ws/build/serial
[4.407s] Level 1:colcon.colcon_core.environment:create_environment_scripts_only(serial)
[4.418s] DEBUG:colcon.colcon_core.event_handler.log_command:Invoked command in '/opt/ros/ros2_ws/build/serial' returned '0': CMAKE_PREFIX_PATH=/opt/ros/humble /usr/bin/cmake --install /opt/ros/ros2_ws/build/serial
[4.427s] Level 1:colcon.colcon_core.environment:checking '/opt/ros/ros2_ws/install/serial' for CMake module files
[4.431s] Level 1:colcon.colcon_core.environment:checking '/opt/ros/ros2_ws/install/serial' for CMake config files
[4.433s] Level 1:colcon.colcon_core.shell:create_environment_hook('serial', 'cmake_prefix_path')
[4.435s] INFO:colcon.colcon_core.shell:Creating environment hook '/opt/ros/ros2_ws/install/serial/share/serial/hook/cmake_prefix_path.ps1'
[4.437s] INFO:colcon.colcon_core.shell:Creating environment descriptor '/opt/ros/ros2_ws/install/serial/share/serial/hook/cmake_prefix_path.dsv'
[4.440s] INFO:colcon.colcon_core.shell:Creating environment hook '/opt/ros/ros2_ws/install/serial/share/serial/hook/cmake_prefix_path.sh'
[4.444s] Level 1:colcon.colcon_core.environment:checking '/opt/ros/ros2_ws/install/serial/lib'
[4.445s] Level 1:colcon.colcon_core.environment:checking '/opt/ros/ros2_ws/install/serial/bin'
[4.446s] Level 1:colcon.colcon_core.environment:checking '/opt/ros/ros2_ws/install/serial/lib/pkgconfig/serial.pc'
[4.447s] Level 1:colcon.colcon_core.environment:checking '/opt/ros/ros2_ws/install/serial/lib/python3.10/site-packages'
[4.450s] Level 1:colcon.colcon_core.environment:checking '/opt/ros/ros2_ws/install/serial/bin'
[4.452s] INFO:colcon.colcon_core.shell:Creating package script '/opt/ros/ros2_ws/install/serial/share/serial/package.ps1'
[4.457s] INFO:colcon.colcon_core.shell:Creating package descriptor '/opt/ros/ros2_ws/install/serial/share/serial/package.dsv'
[4.461s] INFO:colcon.colcon_core.shell:Creating package script '/opt/ros/ros2_ws/install/serial/share/serial/package.sh'
[4.468s] INFO:colcon.colcon_core.shell:Creating package script '/opt/ros/ros2_ws/install/serial/share/serial/package.bash'
[4.474s] INFO:colcon.colcon_core.shell:Creating package script '/opt/ros/ros2_ws/install/serial/share/serial/package.zsh'
[4.479s] Level 1:colcon.colcon_core.environment:create_file_with_runtime_dependencies(/opt/ros/ros2_ws/install/serial/share/colcon-core/packages/serial)
[4.483s] Level 1:colcon.colcon_core.environment:create_environment_scripts_only(serial)
[4.484s] Level 1:colcon.colcon_core.environment:checking '/opt/ros/ros2_ws/install/serial' for CMake module files
[4.487s] Level 1:colcon.colcon_core.environment:checking '/opt/ros/ros2_ws/install/serial' for CMake config files
[4.489s] Level 1:colcon.colcon_core.shell:create_environment_hook('serial', 'cmake_prefix_path')
[4.491s] INFO:colcon.colcon_core.shell:Creating environment hook '/opt/ros/ros2_ws/install/serial/share/serial/hook/cmake_prefix_path.ps1'
[4.493s] INFO:colcon.colcon_core.shell:Creating environment descriptor '/opt/ros/ros2_ws/install/serial/share/serial/hook/cmake_prefix_path.dsv'
[4.496s] INFO:colcon.colcon_core.shell:Creating environment hook '/opt/ros/ros2_ws/install/serial/share/serial/hook/cmake_prefix_path.sh'
[4.500s] Level 1:colcon.colcon_core.environment:checking '/opt/ros/ros2_ws/install/serial/lib'
[4.501s] Level 1:colcon.colcon_core.environment:checking '/opt/ros/ros2_ws/install/serial/bin'
[4.501s] Level 1:colcon.colcon_core.environment:checking '/opt/ros/ros2_ws/install/serial/lib/pkgconfig/serial.pc'
[4.503s] Level 1:colcon.colcon_core.environment:checking '/opt/ros/ros2_ws/install/serial/lib/python3.10/site-packages'
[4.505s] Level 1:colcon.colcon_core.environment:checking '/opt/ros/ros2_ws/install/serial/bin'
[4.507s] INFO:colcon.colcon_core.shell:Creating package script '/opt/ros/ros2_ws/install/serial/share/serial/package.ps1'
[4.510s] INFO:colcon.colcon_core.shell:Creating package descriptor '/opt/ros/ros2_ws/install/serial/share/serial/package.dsv'
[4.514s] INFO:colcon.colcon_core.shell:Creating package script '/opt/ros/ros2_ws/install/serial/share/serial/package.sh'
[4.517s] INFO:colcon.colcon_core.shell:Creating package script '/opt/ros/ros2_ws/install/serial/share/serial/package.bash'
[4.520s] INFO:colcon.colcon_core.shell:Creating package script '/opt/ros/ros2_ws/install/serial/share/serial/package.zsh'
[4.523s] Level 1:colcon.colcon_core.environment:create_file_with_runtime_dependencies(/opt/ros/ros2_ws/install/serial/share/colcon-core/packages/serial)
[4.525s] INFO:colcon.colcon_ros.task.ament_cmake.build:Building ROS package in '/opt/ros/ros2_ws/src/wheeltec_radar' with build type 'ament_cmake'
[4.526s] INFO:colcon.colcon_cmake.task.cmake.build:Building CMake package in '/opt/ros/ros2_ws/src/wheeltec_radar'
[4.528s] INFO:colcon.colcon_core.shell:Skip shell extension 'powershell' for command environment: Not usable outside of PowerShell
[4.529s] DEBUG:colcon.colcon_core.shell:Skip shell extension 'dsv' for command environment
[4.575s] DEBUG:colcon.colcon_core.event_handler.log_command:Invoking command in '/opt/ros/ros2_ws/build/wheeltec_radar': AMENT_PREFIX_PATH=/opt/ros/ros2_ws/install/serial:${AMENT_PREFIX_PATH} CMAKE_PREFIX_PATH=/opt/ros/ros2_ws/install/serial:/opt/ros/humble LD_LIBRARY_PATH=/opt/ros/ros2_ws/install/serial/lib:${LD_LIBRARY_PATH} /usr/bin/cmake --build /opt/ros/ros2_ws/build/wheeltec_radar -- -j8 -l8
[4.973s] DEBUG:colcon.colcon_core.event_handler.log_command:Invoked command in '/opt/ros/ros2_ws/build/wheeltec_radar' returned '0': AMENT_PREFIX_PATH=/opt/ros/ros2_ws/install/serial:${AMENT_PREFIX_PATH} CMAKE_PREFIX_PATH=/opt/ros/ros2_ws/install/serial:/opt/ros/humble LD_LIBRARY_PATH=/opt/ros/ros2_ws/install/serial/lib:${LD_LIBRARY_PATH} /usr/bin/cmake --build /opt/ros/ros2_ws/build/wheeltec_radar -- -j8 -l8
[4.982s] DEBUG:colcon.colcon_core.event_handler.log_command:Invoking command in '/opt/ros/ros2_ws/build/wheeltec_radar': AMENT_PREFIX_PATH=/opt/ros/ros2_ws/install/serial:${AMENT_PREFIX_PATH} CMAKE_PREFIX_PATH=/opt/ros/ros2_ws/install/serial:/opt/ros/humble LD_LIBRARY_PATH=/opt/ros/ros2_ws/install/serial/lib:${LD_LIBRARY_PATH} /usr/bin/cmake --install /opt/ros/ros2_ws/build/wheeltec_radar
[5.029s] Level 1:colcon.colcon_core.environment:create_environment_scripts_only(wheeltec_radar)
[5.031s] Level 1:colcon.colcon_core.environment:checking '/opt/ros/ros2_ws/install/wheeltec_radar' for CMake module files
[5.035s] DEBUG:colcon.colcon_core.event_handler.log_command:Invoked command in '/opt/ros/ros2_ws/build/wheeltec_radar' returned '0': AMENT_PREFIX_PATH=/opt/ros/ros2_ws/install/serial:${AMENT_PREFIX_PATH} CMAKE_PREFIX_PATH=/opt/ros/ros2_ws/install/serial:/opt/ros/humble LD_LIBRARY_PATH=/opt/ros/ros2_ws/install/serial/lib:${LD_LIBRARY_PATH} /usr/bin/cmake --install /opt/ros/ros2_ws/build/wheeltec_radar
[5.036s] Level 1:colcon.colcon_core.environment:checking '/opt/ros/ros2_ws/install/wheeltec_radar' for CMake config files
[5.038s] Level 1:colcon.colcon_core.shell:create_environment_hook('wheeltec_radar', 'cmake_prefix_path')
[5.040s] INFO:colcon.colcon_core.shell:Creating environment hook '/opt/ros/ros2_ws/install/wheeltec_radar/share/wheeltec_radar/hook/cmake_prefix_path.ps1'
[5.042s] INFO:colcon.colcon_core.shell:Creating environment descriptor '/opt/ros/ros2_ws/install/wheeltec_radar/share/wheeltec_radar/hook/cmake_prefix_path.dsv'
[5.044s] INFO:colcon.colcon_core.shell:Creating environment hook '/opt/ros/ros2_ws/install/wheeltec_radar/share/wheeltec_radar/hook/cmake_prefix_path.sh'
[5.048s] Level 1:colcon.colcon_core.environment:checking '/opt/ros/ros2_ws/install/wheeltec_radar/lib'
[5.048s] Level 1:colcon.colcon_core.environment:checking '/opt/ros/ros2_ws/install/wheeltec_radar/bin'
[5.049s] Level 1:colcon.colcon_core.environment:checking '/opt/ros/ros2_ws/install/wheeltec_radar/lib/pkgconfig/wheeltec_radar.pc'
[5.050s] Level 1:colcon.colcon_core.environment:checking '/opt/ros/ros2_ws/install/wheeltec_radar/lib/python3.10/site-packages'
[5.053s] Level 1:colcon.colcon_core.environment:checking '/opt/ros/ros2_ws/install/wheeltec_radar/bin'
[5.055s] INFO:colcon.colcon_core.shell:Creating package script '/opt/ros/ros2_ws/install/wheeltec_radar/share/wheeltec_radar/package.ps1'
[5.058s] INFO:colcon.colcon_core.shell:Creating package descriptor '/opt/ros/ros2_ws/install/wheeltec_radar/share/wheeltec_radar/package.dsv'
[5.061s] INFO:colcon.colcon_core.shell:Creating package script '/opt/ros/ros2_ws/install/wheeltec_radar/share/wheeltec_radar/package.sh'
[5.064s] INFO:colcon.colcon_core.shell:Creating package script '/opt/ros/ros2_ws/install/wheeltec_radar/share/wheeltec_radar/package.bash'
[5.067s] INFO:colcon.colcon_core.shell:Creating package script '/opt/ros/ros2_ws/install/wheeltec_radar/share/wheeltec_radar/package.zsh'
[5.070s] Level 1:colcon.colcon_core.environment:create_file_with_runtime_dependencies(/opt/ros/ros2_ws/install/wheeltec_radar/share/colcon-core/packages/wheeltec_radar)
[5.074s] Level 1:colcon.colcon_core.environment:create_environment_scripts_only(wheeltec_radar)
[5.075s] Level 1:colcon.colcon_core.environment:checking '/opt/ros/ros2_ws/install/wheeltec_radar' for CMake module files
[5.078s] Level 1:colcon.colcon_core.environment:checking '/opt/ros/ros2_ws/install/wheeltec_radar' for CMake config files
[5.080s] Level 1:colcon.colcon_core.shell:create_environment_hook('wheeltec_radar', 'cmake_prefix_path')
[5.082s] INFO:colcon.colcon_core.shell:Creating environment hook '/opt/ros/ros2_ws/install/wheeltec_radar/share/wheeltec_radar/hook/cmake_prefix_path.ps1'
[5.085s] INFO:colcon.colcon_core.shell:Creating environment descriptor '/opt/ros/ros2_ws/install/wheeltec_radar/share/wheeltec_radar/hook/cmake_prefix_path.dsv'
[5.088s] INFO:colcon.colcon_core.shell:Creating environment hook '/opt/ros/ros2_ws/install/wheeltec_radar/share/wheeltec_radar/hook/cmake_prefix_path.sh'
[5.091s] Level 1:colcon.colcon_core.environment:checking '/opt/ros/ros2_ws/install/wheeltec_radar/lib'
[5.092s] Level 1:colcon.colcon_core.environment:checking '/opt/ros/ros2_ws/install/wheeltec_radar/bin'
[5.092s] Level 1:colcon.colcon_core.environment:checking '/opt/ros/ros2_ws/install/wheeltec_radar/lib/pkgconfig/wheeltec_radar.pc'
[5.094s] Level 1:colcon.colcon_core.environment:checking '/opt/ros/ros2_ws/install/wheeltec_radar/lib/python3.10/site-packages'
[5.096s] Level 1:colcon.colcon_core.environment:checking '/opt/ros/ros2_ws/install/wheeltec_radar/bin'
[5.098s] INFO:colcon.colcon_core.shell:Creating package script '/opt/ros/ros2_ws/install/wheeltec_radar/share/wheeltec_radar/package.ps1'
[5.102s] INFO:colcon.colcon_core.shell:Creating package descriptor '/opt/ros/ros2_ws/install/wheeltec_radar/share/wheeltec_radar/package.dsv'
[5.105s] INFO:colcon.colcon_core.shell:Creating package script '/opt/ros/ros2_ws/install/wheeltec_radar/share/wheeltec_radar/package.sh'
[5.107s] INFO:colcon.colcon_core.shell:Creating package script '/opt/ros/ros2_ws/install/wheeltec_radar/share/wheeltec_radar/package.bash'
[5.111s] INFO:colcon.colcon_core.shell:Creating package script '/opt/ros/ros2_ws/install/wheeltec_radar/share/wheeltec_radar/package.zsh'
[5.114s] Level 1:colcon.colcon_core.environment:create_file_with_runtime_dependencies(/opt/ros/ros2_ws/install/wheeltec_radar/share/colcon-core/packages/wheeltec_radar)
[6.733s] DEBUG:colcon.colcon_core.event_handler.log_command:Invoking command in '/opt/ros/ros2_ws/src/camera_detect_pkg': PYTHONPATH=/opt/ros/ros2_ws/build/camera_detect_pkg/prefix_override:/usr/lib/python3/dist-packages/colcon_core/task/python/colcon_distutils_commands:/opt/ros/ros2_ws/install/camera_detect_pkg/lib/python3.10/site-packages:${PYTHONPATH} /usr/bin/python3 -W ignore:setup.py install is deprecated -W ignore:easy_install command is deprecated setup.py egg_info --egg-base ../../build/camera_detect_pkg build --build-base /opt/ros/ros2_ws/build/camera_detect_pkg/build install --record /opt/ros/ros2_ws/build/camera_detect_pkg/install.log --single-version-externally-managed install_data
[8.652s] Level 1:colcon.colcon_core.environment:checking '/opt/ros/ros2_ws/install/camera_detect_pkg' for CMake module files
[8.661s] DEBUG:colcon.colcon_core.event_handler.log_command:Invoked command in '/opt/ros/ros2_ws/src/camera_detect_pkg' returned '0': PYTHONPATH=/opt/ros/ros2_ws/build/camera_detect_pkg/prefix_override:/usr/lib/python3/dist-packages/colcon_core/task/python/colcon_distutils_commands:/opt/ros/ros2_ws/install/camera_detect_pkg/lib/python3.10/site-packages:${PYTHONPATH} /usr/bin/python3 -W ignore:setup.py install is deprecated -W ignore:easy_install command is deprecated setup.py egg_info --egg-base ../../build/camera_detect_pkg build --build-base /opt/ros/ros2_ws/build/camera_detect_pkg/build install --record /opt/ros/ros2_ws/build/camera_detect_pkg/install.log --single-version-externally-managed install_data
[8.667s] Level 1:colcon.colcon_core.environment:checking '/opt/ros/ros2_ws/install/camera_detect_pkg' for CMake config files
[8.671s] Level 1:colcon.colcon_core.environment:checking '/opt/ros/ros2_ws/install/camera_detect_pkg/lib'
[8.672s] Level 1:colcon.colcon_core.environment:checking '/opt/ros/ros2_ws/install/camera_detect_pkg/bin'
[8.672s] Level 1:colcon.colcon_core.environment:checking '/opt/ros/ros2_ws/install/camera_detect_pkg/lib/pkgconfig/camera_detect_pkg.pc'
[8.674s] Level 1:colcon.colcon_core.environment:checking '/opt/ros/ros2_ws/install/camera_detect_pkg/lib/python3.10/site-packages'
[8.674s] Level 1:colcon.colcon_core.shell:create_environment_hook('camera_detect_pkg', 'pythonpath')
[8.676s] INFO:colcon.colcon_core.shell:Creating environment hook '/opt/ros/ros2_ws/install/camera_detect_pkg/share/camera_detect_pkg/hook/pythonpath.ps1'
[8.680s] INFO:colcon.colcon_core.shell:Creating environment descriptor '/opt/ros/ros2_ws/install/camera_detect_pkg/share/camera_detect_pkg/hook/pythonpath.dsv'
[8.683s] INFO:colcon.colcon_core.shell:Creating environment hook '/opt/ros/ros2_ws/install/camera_detect_pkg/share/camera_detect_pkg/hook/pythonpath.sh'
[8.692s] Level 1:colcon.colcon_core.environment:checking '/opt/ros/ros2_ws/install/camera_detect_pkg/bin'
[8.693s] Level 1:colcon.colcon_core.environment:create_environment_scripts_only(camera_detect_pkg)
[8.697s] INFO:colcon.colcon_core.shell:Creating package script '/opt/ros/ros2_ws/install/camera_detect_pkg/share/camera_detect_pkg/package.ps1'
[8.701s] INFO:colcon.colcon_core.shell:Creating package descriptor '/opt/ros/ros2_ws/install/camera_detect_pkg/share/camera_detect_pkg/package.dsv'
[8.704s] INFO:colcon.colcon_core.shell:Creating package script '/opt/ros/ros2_ws/install/camera_detect_pkg/share/camera_detect_pkg/package.sh'
[8.707s] INFO:colcon.colcon_core.shell:Creating package script '/opt/ros/ros2_ws/install/camera_detect_pkg/share/camera_detect_pkg/package.bash'
[8.709s] INFO:colcon.colcon_core.shell:Creating package script '/opt/ros/ros2_ws/install/camera_detect_pkg/share/camera_detect_pkg/package.zsh'
[8.711s] Level 1:colcon.colcon_core.environment:create_file_with_runtime_dependencies(/opt/ros/ros2_ws/install/camera_detect_pkg/share/colcon-core/packages/camera_detect_pkg)
[8.713s] DEBUG:colcon.colcon_parallel_executor.executor.parallel:closing loop
[8.715s] DEBUG:colcon.colcon_parallel_executor.executor.parallel:loop closed
[8.716s] DEBUG:colcon.colcon_parallel_executor.executor.parallel:run_until_complete finished with '0'
[8.717s] DEBUG:colcon.colcon_core.event_reactor:joining thread
[8.751s] INFO:colcon.colcon_core.plugin_system:Skipping extension 'colcon_notification.desktop_notification.notify_send': Could not find 'notify-send'
[8.751s] INFO:colcon.colcon_core.plugin_system:Skipping extension 'colcon_notification.desktop_notification.terminal_notifier': Not used on non-Darwin systems
[8.752s] INFO:colcon.colcon_core.plugin_system:Skipping extension 'colcon_notification.desktop_notification.win32': Not used on non-Windows systems
[8.752s] INFO:colcon.colcon_notification.desktop_notification:Sending desktop notification using 'notify2'
[33.851s] DEBUG:colcon.colcon_notification.desktop_notification.notify2:Failed to initialize notify2: org.freedesktop.DBus.Error.NoReply: Did not receive a reply. Possible causes include: the remote application did not send a reply, the message bus security policy blocked the reply, the reply timeout expired, or the network connection was broken.
[33.852s] DEBUG:colcon.colcon_core.event_reactor:joined thread
[33.855s] INFO:colcon.colcon_core.shell:Creating prefix script '/opt/ros/ros2_ws/install/local_setup.ps1'
[33.866s] INFO:colcon.colcon_core.shell:Creating prefix util module '/opt/ros/ros2_ws/install/_local_setup_util_ps1.py'
[33.877s] INFO:colcon.colcon_core.shell:Creating prefix chain script '/opt/ros/ros2_ws/install/setup.ps1'
[33.883s] INFO:colcon.colcon_core.shell:Creating prefix script '/opt/ros/ros2_ws/install/local_setup.sh'
[33.887s] INFO:colcon.colcon_core.shell:Creating prefix util module '/opt/ros/ros2_ws/install/_local_setup_util_sh.py'
[33.891s] INFO:colcon.colcon_core.shell:Creating prefix chain script '/opt/ros/ros2_ws/install/setup.sh'
[33.898s] INFO:colcon.colcon_core.shell:Creating prefix script '/opt/ros/ros2_ws/install/local_setup.bash'
[33.902s] INFO:colcon.colcon_core.shell:Creating prefix chain script '/opt/ros/ros2_ws/install/setup.bash'
[33.908s] INFO:colcon.colcon_core.shell:Creating prefix script '/opt/ros/ros2_ws/install/local_setup.zsh'
[33.911s] INFO:colcon.colcon_core.shell:Creating prefix chain script '/opt/ros/ros2_ws/install/setup.zsh'
