[0.072s] Invoking command in '/opt/ros/ros2_ws/build/serial': CMAKE_PREFIX_PATH=/opt/ros/humble /usr/bin/cmake --build /opt/ros/ros2_ws/build/serial -- -j8 -l8
[0.243s] [35m[1mConsolidate compiler generated dependencies of target serial[0m
[0.312s] [100%] Built target serial
[1.900s] Invoked command in '/opt/ros/ros2_ws/build/serial' returned '0': CMAKE_PREFIX_PATH=/opt/ros/humble /usr/bin/cmake --build /opt/ros/ros2_ws/build/serial -- -j8 -l8
[1.945s] Invoking command in '/opt/ros/ros2_ws/build/serial': CMAKE_PREFIX_PATH=/opt/ros/humble /usr/bin/cmake --install /opt/ros/ros2_ws/build/serial
[1.980s] -- Install configuration: ""
[1.981s] -- Up-to-date: /opt/ros/ros2_ws/install/serial/lib/libserial.a
[1.982s] -- Up-to-date: /opt/ros/ros2_ws/install/serial/share/serial/environment/library_path.sh
[1.983s] -- Up-to-date: /opt/ros/ros2_ws/install/serial/share/serial/environment/library_path.dsv
[1.984s] -- Up-to-date: /opt/ros/ros2_ws/install/serial/include/serial
[1.984s] -- Up-to-date: /opt/ros/ros2_ws/install/serial/include/serial/serial.h
[1.985s] -- Up-to-date: /opt/ros/ros2_ws/install/serial/include/serial/v8stdint.h
[1.986s] -- Up-to-date: /opt/ros/ros2_ws/install/serial/include/serial/impl
[1.986s] -- Up-to-date: /opt/ros/ros2_ws/install/serial/include/serial/impl/win.h
[1.987s] -- Up-to-date: /opt/ros/ros2_ws/install/serial/include/serial/impl/unix.h
[1.987s] -- Up-to-date: /opt/ros/ros2_ws/install/serial/share/ament_index/resource_index/package_run_dependencies/serial
[1.988s] -- Up-to-date: /opt/ros/ros2_ws/install/serial/share/ament_index/resource_index/parent_prefix_path/serial
[1.988s] -- Up-to-date: /opt/ros/ros2_ws/install/serial/share/serial/environment/ament_prefix_path.sh
[1.989s] -- Up-to-date: /opt/ros/ros2_ws/install/serial/share/serial/environment/ament_prefix_path.dsv
[1.989s] -- Up-to-date: /opt/ros/ros2_ws/install/serial/share/serial/environment/path.sh
[1.990s] -- Up-to-date: /opt/ros/ros2_ws/install/serial/share/serial/environment/path.dsv
[1.990s] -- Up-to-date: /opt/ros/ros2_ws/install/serial/share/serial/local_setup.bash
[1.991s] -- Up-to-date: /opt/ros/ros2_ws/install/serial/share/serial/local_setup.sh
[1.992s] -- Up-to-date: /opt/ros/ros2_ws/install/serial/share/serial/local_setup.zsh
[1.994s] -- Up-to-date: /opt/ros/ros2_ws/install/serial/share/serial/local_setup.dsv
[1.996s] -- Installing: /opt/ros/ros2_ws/install/serial/share/serial/package.dsv
[1.997s] -- Up-to-date: /opt/ros/ros2_ws/install/serial/share/ament_index/resource_index/packages/serial
[1.998s] -- Up-to-date: /opt/ros/ros2_ws/install/serial/share/serial/cmake/ament_cmake_export_include_directories-extras.cmake
[1.999s] -- Up-to-date: /opt/ros/ros2_ws/install/serial/share/serial/cmake/ament_cmake_export_libraries-extras.cmake
[2.000s] -- Up-to-date: /opt/ros/ros2_ws/install/serial/share/serial/cmake/ament_cmake_export_dependencies-extras.cmake
[2.001s] -- Up-to-date: /opt/ros/ros2_ws/install/serial/share/serial/cmake/serialConfig.cmake
[2.002s] -- Up-to-date: /opt/ros/ros2_ws/install/serial/share/serial/cmake/serialConfig-version.cmake
[2.003s] -- Up-to-date: /opt/ros/ros2_ws/install/serial/share/serial/package.xml
[2.004s] Invoked command in '/opt/ros/ros2_ws/build/serial' returned '0': CMAKE_PREFIX_PATH=/opt/ros/humble /usr/bin/cmake --install /opt/ros/ros2_ws/build/serial
