[3.657s] Invoking command in '/opt/ros/ros2_ws/build/camera_detect_pkg': PYTHONPATH=/opt/ros/ros2_ws/build/camera_detect_pkg/prefix_override:/usr/lib/python3/dist-packages/colcon_core/task/python/colcon_distutils_commands:/opt/ros/ros2_ws/install/camera_detect_pkg/lib/python3.10/site-packages: /usr/bin/python3 -W ignore:setup.py install is deprecated -W ignore:easy_install command is deprecated setup.py develop --uninstall --editable --build-directory /opt/ros/ros2_ws/build/camera_detect_pkg/build
[5.107s] running develop
[5.710s] Removing /opt/ros/ros2_ws/install/camera_detect_pkg/lib/python3.10/site-packages/camera-detect-pkg.egg-link (link to .)
[5.929s] Invoked command in '/opt/ros/ros2_ws/build/camera_detect_pkg' returned '0': PYTHONPATH=/opt/ros/ros2_ws/build/camera_detect_pkg/prefix_override:/usr/lib/python3/dist-packages/colcon_core/task/python/colcon_distutils_commands:/opt/ros/ros2_ws/install/camera_detect_pkg/lib/python3.10/site-packages: /usr/bin/python3 -W ignore:setup.py install is deprecated -W ignore:easy_install command is deprecated setup.py develop --uninstall --editable --build-directory /opt/ros/ros2_ws/build/camera_detect_pkg/build
[5.942s] Invoking command in '/opt/ros/ros2_ws/src/camera_detect_pkg': PYTHONPATH=/opt/ros/ros2_ws/build/camera_detect_pkg/prefix_override:/usr/lib/python3/dist-packages/colcon_core/task/python/colcon_distutils_commands:/opt/ros/ros2_ws/install/camera_detect_pkg/lib/python3.10/site-packages: /usr/bin/python3 -W ignore:setup.py install is deprecated -W ignore:easy_install command is deprecated setup.py egg_info --egg-base ../../build/camera_detect_pkg build --build-base /opt/ros/ros2_ws/build/camera_detect_pkg/build install --record /opt/ros/ros2_ws/build/camera_detect_pkg/install.log --single-version-externally-managed install_data --force
[7.321s] running egg_info
[7.325s] writing ../../build/camera_detect_pkg/camera_detect_pkg.egg-info/PKG-INFO
[7.326s] writing dependency_links to ../../build/camera_detect_pkg/camera_detect_pkg.egg-info/dependency_links.txt
[7.327s] writing entry points to ../../build/camera_detect_pkg/camera_detect_pkg.egg-info/entry_points.txt
[7.328s] writing requirements to ../../build/camera_detect_pkg/camera_detect_pkg.egg-info/requires.txt
[7.329s] writing top-level names to ../../build/camera_detect_pkg/camera_detect_pkg.egg-info/top_level.txt
[7.342s] reading manifest file '../../build/camera_detect_pkg/camera_detect_pkg.egg-info/SOURCES.txt'
[7.347s] writing manifest file '../../build/camera_detect_pkg/camera_detect_pkg.egg-info/SOURCES.txt'
[7.348s] running build
[7.349s] running build_py
[7.350s] creating /opt/ros/ros2_ws/build/camera_detect_pkg/build
[7.351s] creating /opt/ros/ros2_ws/build/camera_detect_pkg/build/lib
[7.351s] creating /opt/ros/ros2_ws/build/camera_detect_pkg/build/lib/camera_detect_pkg
[7.352s] copying camera_detect_pkg/webcam_pub.py -> /opt/ros/ros2_ws/build/camera_detect_pkg/build/lib/camera_detect_pkg
[7.353s] copying camera_detect_pkg/webcam_sub.py -> /opt/ros/ros2_ws/build/camera_detect_pkg/build/lib/camera_detect_pkg
[7.353s] copying camera_detect_pkg/__init__.py -> /opt/ros/ros2_ws/build/camera_detect_pkg/build/lib/camera_detect_pkg
[7.354s] running install
[7.355s] running install_lib
[7.359s] creating /opt/ros/ros2_ws/install/camera_detect_pkg/lib/python3.10/site-packages/camera_detect_pkg
[7.360s] copying /opt/ros/ros2_ws/build/camera_detect_pkg/build/lib/camera_detect_pkg/webcam_pub.py -> /opt/ros/ros2_ws/install/camera_detect_pkg/lib/python3.10/site-packages/camera_detect_pkg
[7.360s] copying /opt/ros/ros2_ws/build/camera_detect_pkg/build/lib/camera_detect_pkg/webcam_sub.py -> /opt/ros/ros2_ws/install/camera_detect_pkg/lib/python3.10/site-packages/camera_detect_pkg
[7.361s] copying /opt/ros/ros2_ws/build/camera_detect_pkg/build/lib/camera_detect_pkg/__init__.py -> /opt/ros/ros2_ws/install/camera_detect_pkg/lib/python3.10/site-packages/camera_detect_pkg
[7.363s] byte-compiling /opt/ros/ros2_ws/install/camera_detect_pkg/lib/python3.10/site-packages/camera_detect_pkg/webcam_pub.py to webcam_pub.cpython-310.pyc
[7.366s] byte-compiling /opt/ros/ros2_ws/install/camera_detect_pkg/lib/python3.10/site-packages/camera_detect_pkg/webcam_sub.py to webcam_sub.cpython-310.pyc
[7.369s] byte-compiling /opt/ros/ros2_ws/install/camera_detect_pkg/lib/python3.10/site-packages/camera_detect_pkg/__init__.py to __init__.cpython-310.pyc
[7.370s] running install_data
[7.371s] copying resource/camera_detect_pkg -> /opt/ros/ros2_ws/install/camera_detect_pkg/share/ament_index/resource_index/packages
[7.372s] copying package.xml -> /opt/ros/ros2_ws/install/camera_detect_pkg/share/camera_detect_pkg
[7.372s] running install_egg_info
[7.382s] Copying ../../build/camera_detect_pkg/camera_detect_pkg.egg-info to /opt/ros/ros2_ws/install/camera_detect_pkg/lib/python3.10/site-packages/camera_detect_pkg-0.0.0-py3.10.egg-info
[7.387s] running install_scripts
[7.508s] Installing webcam_pub script to /opt/ros/ros2_ws/install/camera_detect_pkg/lib/camera_detect_pkg
[7.509s] Installing webcam_sub script to /opt/ros/ros2_ws/install/camera_detect_pkg/lib/camera_detect_pkg
[7.511s] writing list of installed files to '/opt/ros/ros2_ws/build/camera_detect_pkg/install.log'
[7.736s] Invoked command in '/opt/ros/ros2_ws/src/camera_detect_pkg' returned '0': PYTHONPATH=/opt/ros/ros2_ws/build/camera_detect_pkg/prefix_override:/usr/lib/python3/dist-packages/colcon_core/task/python/colcon_distutils_commands:/opt/ros/ros2_ws/install/camera_detect_pkg/lib/python3.10/site-packages: /usr/bin/python3 -W ignore:setup.py install is deprecated -W ignore:easy_install command is deprecated setup.py egg_info --egg-base ../../build/camera_detect_pkg build --build-base /opt/ros/ros2_ws/build/camera_detect_pkg/build install --record /opt/ros/ros2_ws/build/camera_detect_pkg/install.log --single-version-externally-managed install_data --force
